<?xml version="1.0" encoding="UTF-8"?>
<testng-results ignored="0" total="1" passed="1" failed="0" skipped="0">
  <reporter-output>
  </reporter-output>
  <suite started-at="2023-04-03T13:16:59 CDT" name="Default suite" finished-at="2023-04-03T13:17:41 CDT" duration-ms="41682">
    <groups>
    </groups>
    <test started-at="2023-04-03T13:16:59 CDT" name="Default test" finished-at="2023-04-03T13:17:41 CDT" duration-ms="41682">
      <class name="melvin_raulshettyacademy.MiscellaneousAppiumActions">
        <test-method is-config="true" signature="ConfigureAppium()[pri:0, instance:melvin_raulshettyacademy.MiscellaneousAppiumActions@53045c6c]" started-at="2023-04-03T13:16:59 CDT" name="ConfigureAppium" finished-at="2023-04-03T13:17:23 CDT" duration-ms="23635" status="PASS">
          <reporter-output>
          </reporter-output>
        </test-method> <!-- ConfigureAppium -->
        <test-method signature="Miscellaneous()[pri:0, instance:melvin_raulshettyacademy.MiscellaneousAppiumActions@53045c6c]" started-at="2023-04-03T13:17:23 CDT" name="Miscellaneous" finished-at="2023-04-03T13:17:40 CDT" duration-ms="17316" status="PASS">
          <reporter-output>
          </reporter-output>
        </test-method> <!-- Miscellaneous -->
        <test-method is-config="true" signature="tearDown()[pri:0, instance:melvin_raulshettyacademy.MiscellaneousAppiumActions@53045c6c]" started-at="2023-04-03T13:17:40 CDT" name="tearDown" finished-at="2023-04-03T13:17:41 CDT" duration-ms="524" status="PASS">
          <reporter-output>
          </reporter-output>
        </test-method> <!-- tearDown -->
      </class> <!-- melvin_raulshettyacademy.MiscellaneousAppiumActions -->
    </test> <!-- Default test -->
  </suite> <!-- Default suite -->
</testng-results>
